SF:lib/src/fetch_opengraph.dart
DA:10,2
DA:12,1
DA:14,2
DA:30,6
DA:33,4
DA:36,2
DA:52,2
DA:54,4
DA:57,2
DA:59,2
DA:60,8
DA:62,6
DA:63,4
DA:64,2
DA:65,2
DA:66,2
DA:69,1
DA:73,1
DA:80,2
DA:82,2
DA:84,7
DA:85,2
DA:86,3
DA:89,4
DA:91,4
DA:93,4
DA:94,4
DA:95,4
DA:96,4
DA:97,4
DA:99,4
DA:101,2
DA:102,2
DA:103,5
DA:105,2
DA:106,2
DA:107,2
DA:108,2
DA:110,2
DA:111,2
DA:112,2
DA:113,2
DA:114,2
DA:117,2
DA:118,4
DA:120,2
DA:121,4
DA:122,4
DA:123,2
DA:127,2
DA:133,6
DA:134,2
DA:135,8
DA:136,5
DA:141,2
DA:142,4
DA:145,2
DA:146,4
LF:58
LH:58
end_of_record
SF:lib/src/opengraph_fetch_functions.dart
DA:15,0
DA:17,21
DA:26,3
DA:29,21
DA:32,3
DA:35,6
DA:36,6
DA:37,9
DA:38,5
DA:43,6
DA:46,9
DA:51,21
DA:62,7
DA:64,7
DA:65,2
DA:67,21
DA:69,8
DA:72,7
DA:74,7
DA:76,1
DA:77,1
DA:80,14
DA:86,2
DA:87,2
DA:88,2
DA:101,1
DA:102,1
LF:27
LH:26
end_of_record
SF:lib/src/models/open_graph_entity.dart
DA:19,9
DA:30,3
DA:31,3
DA:32,3
DA:33,3
DA:34,3
DA:35,3
DA:36,3
DA:37,3
DA:38,3
DA:43,3
DA:44,3
DA:45,3
DA:46,3
DA:47,3
DA:48,3
DA:49,3
DA:50,3
DA:51,3
DA:55,1
DA:56,3
LF:21
LH:21
end_of_record
SF:lib/src/widget_opengraph.dart
DA:51,5
DA:62,3
DA:63,3
DA:64,3
DA:67,9
DA:68,3
DA:81,3
DA:82,6
DA:83,9
DA:84,9
DA:85,3
DA:86,3
DA:88,6
DA:90,1
DA:93,3
DA:97,2
DA:98,1
DA:102,1
DA:103,2
DA:107,1
DA:111,1
DA:113,2
DA:117,5
DA:119,5
DA:123,5
DA:127,5
DA:128,15
DA:129,15
DA:134,15
DA:135,15
DA:139,25
DA:144,5
DA:145,5
DA:146,15
DA:147,5
DA:148,5
DA:149,8
DA:150,5
DA:154,5
DA:155,15
DA:156,5
DA:157,15
DA:158,5
DA:159,5
DA:160,5
LF:45
LH:45
end_of_record
SF:lib/src/opengraph_preview_widget.dart
DA:58,1
DA:76,4
DA:77,4
DA:85,4
DA:87,4
DA:88,16
DA:91,1
DA:93,1
DA:94,4
DA:95,4
DA:99,1
DA:100,3
DA:101,2
DA:102,4
DA:107,4
DA:108,4
DA:110,4
DA:111,8
DA:112,12
DA:114,4
DA:115,12
DA:121,4
DA:122,4
DA:123,8
DA:124,8
DA:125,8
DA:126,4
DA:127,4
DA:128,8
DA:134,3
DA:135,3
DA:136,6
DA:137,6
DA:138,3
DA:139,3
DA:141,3
DA:142,3
DA:143,6
DA:144,6
DA:146,6
DA:147,1
DA:148,1
DA:149,3
DA:150,1
DA:151,2
DA:152,3
DA:163,1
DA:164,1
DA:165,3
DA:166,2
DA:168,2
DA:175,2
DA:176,2
DA:178,4
DA:180,4
DA:181,4
DA:182,4
DA:186,4
DA:188,4
DA:189,4
DA:190,4
DA:191,8
DA:192,8
DA:195,8
DA:196,6
DA:197,8
DA:201,5
DA:202,3
DA:204,6
DA:207,6
LF:70
LH:70
end_of_record
SF:lib/src/opengraph_fetch_base.dart
DA:12,12
DA:17,18
DA:28,8
DA:30,8
DA:35,6
DA:36,12
DA:37,6
DA:38,6
DA:39,6
DA:40,6
DA:45,18
DA:46,12
DA:47,12
DA:50,2
DA:51,1
DA:52,1
DA:53,1
DA:57,6
DA:61,5
DA:62,10
DA:67,2
DA:80,7
DA:81,14
DA:87,12
DA:100,2
DA:101,2
LF:26
LH:26
end_of_record
SF:lib/src/adapters/opengraph_metadata_adapter.dart
DA:7,3
DA:8,3
DA:9,3
DA:10,3
DA:11,3
DA:12,3
DA:13,3
DA:14,3
DA:15,3
DA:20,2
DA:21,2
DA:22,4
DA:23,4
DA:24,4
DA:25,4
DA:26,4
DA:27,4
DA:28,4
LF:18
LH:18
end_of_record
SF:lib/src/parsers/base_parser.dart
DA:22,17
DA:23,17
DA:24,34
DA:25,34
DA:26,34
DA:27,34
DA:28,34
DA:29,34
DA:30,34
DA:37,3
DA:38,3
DA:39,3
DA:40,3
DA:41,3
DA:44,1
DA:46,2
DA:49,2
DA:50,2
DA:51,2
DA:52,2
DA:53,2
DA:54,2
DA:55,2
DA:56,2
DA:57,2
DA:61,1
DA:62,1
DA:65,1
DA:66,1
DA:67,2
DA:68,2
DA:69,2
DA:70,2
DA:71,2
DA:72,2
DA:73,2
LF:36
LH:36
end_of_record
SF:lib/src/utils/util.dart
DA:4,2
DA:5,4
DA:6,2
DA:7,2
DA:8,2
DA:11,2
DA:12,2
DA:16,6
DA:18,30
DA:24,4
DA:35,4
DA:36,4
DA:37,20
DA:38,4
DA:39,8
LF:15
LH:15
end_of_record
SF:lib/src/parsers/htmlmeta_parser.dart
DA:10,4
DA:13,4
DA:14,15
DA:17,4
DA:18,8
DA:19,4
DA:20,4
DA:23,4
DA:24,16
DA:27,4
DA:31,4
DA:35,4
DA:38,1
DA:39,2
LF:14
LH:14
end_of_record
SF:lib/src/parsers/jsonld_parser.dart
DA:14,4
DA:15,12
DA:18,4
DA:19,4
DA:20,4
DA:21,2
DA:25,2
DA:30,4
DA:32,4
DA:33,4
DA:34,2
DA:35,4
DA:36,4
DA:42,4
DA:44,4
DA:45,4
DA:46,2
DA:47,4
DA:48,3
DA:54,4
DA:56,4
DA:57,5
DA:58,5
DA:59,4
DA:60,2
DA:61,3
DA:68,4
DA:70,4
DA:71,4
DA:72,2
DA:73,4
DA:74,1
DA:80,4
DA:84,4
DA:86,4
DA:87,4
DA:88,2
DA:89,4
DA:90,2
DA:96,4
DA:98,4
DA:99,4
DA:100,3
DA:101,4
DA:102,2
DA:103,2
DA:104,1
DA:110,2
DA:111,3
DA:112,1
DA:115,2
DA:122,1
DA:123,2
LF:53
LH:53
end_of_record
SF:lib/src/parsers/opengraph_metadata_parser.dart
DA:17,3
DA:18,3
DA:20,3
DA:21,3
DA:22,3
DA:23,3
DA:24,3
DA:27,6
DA:28,6
DA:29,6
DA:30,6
DA:31,6
DA:32,6
DA:33,6
DA:34,6
DA:36,3
DA:43,3
DA:44,3
DA:47,3
DA:48,3
DA:50,12
DA:59,3
DA:60,6
DA:63,3
DA:64,6
DA:67,3
DA:68,6
DA:71,3
DA:72,6
LF:29
LH:29
end_of_record
SF:lib/src/parsers/opengraph_parser.dart
DA:9,4
DA:12,4
DA:13,4
DA:14,4
DA:19,4
DA:20,4
DA:21,4
DA:26,4
DA:27,4
DA:28,4
DA:33,4
DA:34,4
DA:35,4
DA:40,4
DA:41,4
DA:42,4
DA:47,4
DA:48,4
DA:49,4
DA:54,4
DA:55,4
DA:56,4
DA:60,1
DA:61,2
LF:24
LH:24
end_of_record
SF:lib/src/parsers/twittercard_parser.dart
DA:10,4
DA:13,4
DA:15,4
DA:16,4
DA:20,3
DA:21,3
DA:26,4
DA:28,4
DA:29,4
DA:33,4
DA:34,4
DA:39,4
DA:41,4
DA:42,4
DA:46,4
DA:47,4
DA:52,4
DA:53,12
DA:56,4
DA:60,4
DA:64,4
DA:66,4
DA:67,4
DA:71,3
DA:72,3
DA:76,1
DA:77,2
LF:27
LH:27
end_of_record
